#
# There is insufficient memory for the Java Runtime Environment to continue.
# Native memory allocation (malloc) failed to allocate 1269776 bytes for Chunk::new
# Possible reasons:
#   The system is out of physical RAM or swap space
#   The process is running with CompressedOops enabled, and the Java Heap may be blocking the growth of the native heap
# Possible solutions:
#   Reduce memory load on the system
#   Increase physical memory or swap space
#   Check if swap backing store is full
#   Decrease Java heap size (-Xmx/-Xms)
#   Decrease number of Java threads
#   Decrease Java thread stack sizes (-Xss)
#   Set larger code cache with -XX:ReservedCodeCacheSize=
#   JVM is running with Unscaled Compressed Oops mode in which the Java heap is
#     placed in the first 4GB address space. The Java Heap base address is the
#     maximum limit for the native heap growth. Please use -XX:HeapBaseMinAddress
#     to set the Java Heap base and to place the Java Heap above 4GB virtual address.
# This output file may be truncated or incomplete.
#
#  Out of Memory Error (allocation.cpp:389), pid=1184, tid=0x00000000000054d4
#
# JRE version: OpenJDK Runtime Environment (8.0_202-b03) (build 1.8.0_202-release-1483-b03)
# Java VM: OpenJDK 64-Bit Server VM (25.202-b03 mixed mode windows-amd64 compressed oops)
# Failed to write core dump. Minidumps are not enabled by default on client versions of Windows
#

---------------  T H R E A D  ---------------

Current thread (0x0000000018ed1800):  JavaThread "C2 CompilerThread0" daemon [_thread_in_native, id=21716, stack(0x00000000197a0000,0x00000000198a0000)]

Stack: [0x00000000197a0000,0x00000000198a0000]
[error occurred during error reporting (printing stack bounds), id 0xc0000005]

Native frames: (J=compiled Java code, j=interpreted, Vv=VM code, C=native code)


Current CompileTask:
C2:4845800 19515       4       com.android.utils.XmlUtils::append (639 bytes)


---------------  P R O C E S S  ---------------

Java Threads: ( => current thread )
  0x0000000029bb5000 JavaThread "stdout" [_thread_in_native, id=21180, stack(0x000000002e730000,0x000000002e830000)]
  0x0000000029bb4000 JavaThread "stderr" [_thread_in_native, id=1532, stack(0x000000002e290000,0x000000002e390000)]
  0x0000000029bb3800 JavaThread "stdout" [_thread_in_native, id=17244, stack(0x000000002e4d0000,0x000000002e5d0000)]
  0x0000000029bb2000 JavaThread "stderr" [_thread_in_native, id=17888, stack(0x000000002e3d0000,0x000000002e4d0000)]
  0x0000000029ba7800 JavaThread "stdout" [_thread_in_native, id=14856, stack(0x000000002e190000,0x000000002e290000)]
  0x0000000029bae000 JavaThread "stderr" [_thread_in_native, id=92, stack(0x000000002e090000,0x000000002e190000)]
  0x0000000029baa800 JavaThread "stdout" [_thread_in_native, id=15724, stack(0x000000002df90000,0x000000002e090000)]
  0x0000000029bac800 JavaThread "stderr" [_thread_in_native, id=21124, stack(0x000000002de90000,0x000000002df90000)]
  0x0000000029ba8000 JavaThread "stdout" [_thread_in_native, id=21268, stack(0x000000002dd90000,0x000000002de90000)]
  0x0000000029ba9800 JavaThread "stderr" [_thread_in_native, id=20956, stack(0x000000002dc90000,0x000000002dd90000)]
  0x0000000029bab000 JavaThread "stdout" [_thread_in_native, id=10076, stack(0x000000002db90000,0x000000002dc90000)]
  0x0000000029bac000 JavaThread "stderr" [_thread_in_native, id=17804, stack(0x000000002da90000,0x000000002db90000)]
  0x0000000029bad800 JavaThread "stdout" [_thread_in_native, id=7436, stack(0x000000002d990000,0x000000002da90000)]
  0x0000000029ba9000 JavaThread "stderr" [_thread_in_native, id=23792, stack(0x000000002d890000,0x000000002d990000)]
  0x00000000228de800 JavaThread "stdout" [_thread_in_native, id=8248, stack(0x000000002d790000,0x000000002d890000)]
  0x00000000228de000 JavaThread "stderr" [_thread_in_native, id=21244, stack(0x000000002d690000,0x000000002d790000)]
  0x00000000228e0000 JavaThread "pool-12-thread-1" [_thread_blocked, id=15960, stack(0x000000002d280000,0x000000002d380000)]
  0x00000000228dd000 JavaThread "MarlinRenderer Disposer" daemon [_thread_blocked, id=11056, stack(0x000000002d390000,0x000000002d490000)]
  0x00000000228dc800 JavaThread "Java2D Disposer" daemon [_thread_blocked, id=23468, stack(0x000000002d180000,0x000000002d280000)]
  0x00000000228d5000 JavaThread "WorkerExecutor Queue Thread 9" [_thread_blocked, id=22960, stack(0x000000002ce80000,0x000000002cf80000)]
  0x00000000228db800 JavaThread "WorkerExecutor Queue Thread 8" [_thread_blocked, id=552, stack(0x000000002cd80000,0x000000002ce80000)]
  0x00000000228d4000 JavaThread "WorkerExecutor Queue Thread 7" [_thread_blocked, id=24528, stack(0x000000002cc80000,0x000000002cd80000)]
  0x00000000228db000 JavaThread "WorkerExecutor Queue Thread 6" [_thread_blocked, id=9420, stack(0x000000002cb80000,0x000000002cc80000)]
  0x00000000228da000 JavaThread "WorkerExecutor Queue Thread 5" [_thread_blocked, id=7452, stack(0x000000002ca80000,0x000000002cb80000)]
  0x00000000228d2800 JavaThread "WorkerExecutor Queue Thread 4" [_thread_blocked, id=18388, stack(0x000000002bd50000,0x000000002be50000)]
  0x00000000228d8800 JavaThread "WorkerExecutor Queue Thread 3" [_thread_blocked, id=16540, stack(0x000000002c640000,0x000000002c740000)]
  0x00000000228d5800 JavaThread "WorkerExecutor Queue Thread 2" [_thread_blocked, id=8320, stack(0x000000002bf50000,0x000000002c050000)]
  0x00000000228d8000 JavaThread "Cache worker for execution history cache (D:\Android\boilerplate\tukej\.gradle\5.4.1\executionHistory)" [_thread_blocked, id=21316, stack(0x000000002c780000,0x000000002c880000)]
  0x00000000228d1000 JavaThread "Execution worker for ':' Thread 7" [_thread_blocked, id=23608, stack(0x000000002c540000,0x000000002c640000)]
  0x000000001ea00800 JavaThread "Execution worker for ':' Thread 6" [_thread_blocked, id=17324, stack(0x000000002c440000,0x000000002c540000)]
  0x000000001e9ff800 JavaThread "Execution worker for ':' Thread 5" [_thread_blocked, id=22272, stack(0x000000002c340000,0x000000002c440000)]
  0x000000001e9f8800 JavaThread "Execution worker for ':' Thread 4" [_thread_blocked, id=18528, stack(0x000000002c240000,0x000000002c340000)]
  0x000000001e9f7000 JavaThread "Execution worker for ':' Thread 3" [_thread_blocked, id=10632, stack(0x000000002c140000,0x000000002c240000)]
  0x000000001e9fe000 JavaThread "Execution worker for ':' Thread 2" [_thread_blocked, id=6112, stack(0x0000000028bb0000,0x0000000028cb0000)]
  0x000000001e9fb800 JavaThread "Execution worker for ':'" [_thread_blocked, id=12716, stack(0x00000000281b0000,0x00000000282b0000)]
  0x000000001e9fa000 JavaThread "Cache worker for file content cache (D:\Android\boilerplate\tukej\.gradle\5.4.1\fileContent)" [_thread_blocked, id=22416, stack(0x0000000027bb0000,0x0000000027cb0000)]
  0x000000001e9f8000 JavaThread "Cache worker for Build Output Cleanup Cache (D:\Android\boilerplate\tukej\.gradle\buildOutputCleanup)" [_thread_blocked, id=4632, stack(0x00000000274b0000,0x00000000275b0000)]
  0x000000001e9f5800 JavaThread "Build operations Thread 8" [_thread_blocked, id=1492, stack(0x0000000026ee0000,0x0000000026fe0000)]
  0x000000001e9f2800 JavaThread "Build operations Thread 7" [_thread_blocked, id=22812, stack(0x0000000026bb0000,0x0000000026cb0000)]
  0x000000001e9f5000 JavaThread "Build operations Thread 6" [_thread_blocked, id=22200, stack(0x00000000268b0000,0x00000000269b0000)]
  0x0000000020dfd000 JavaThread "Build operations Thread 5" [_thread_blocked, id=6212, stack(0x00000000262b0000,0x00000000263b0000)]
  0x0000000020e03000 JavaThread "Build operations Thread 4" [_thread_blocked, id=23820, stack(0x0000000023cc0000,0x0000000023dc0000)]
  0x0000000020e01800 JavaThread "Build operations Thread 3" [_thread_blocked, id=2008, stack(0x0000000023710000,0x0000000023810000)]
  0x0000000020dff800 JavaThread "Build operations Thread 2" [_thread_blocked, id=19096, stack(0x0000000023610000,0x0000000023710000)]
  0x0000000020dfe000 JavaThread "Build operations" [_thread_blocked, id=7792, stack(0x0000000023510000,0x0000000023610000)]
  0x0000000020e00000 JavaThread "Cache worker for cache directory md-rule (C:\Users\Paatryk\.gradle\caches\5.4.1\md-rule)" [_thread_blocked, id=18752, stack(0x0000000023410000,0x0000000023510000)]
  0x0000000020df5000 JavaThread "Cache worker for cache directory md-supplier (C:\Users\Paatryk\.gradle\caches\5.4.1\md-supplier)" [_thread_blocked, id=14580, stack(0x00000000220e0000,0x00000000221e0000)]
  0x0000000020dfb800 JavaThread "Cache worker for file hash cache (D:\Android\boilerplate\tukej\.gradle\5.4.1\fileHashes)" [_thread_blocked, id=20972, stack(0x0000000021ea0000,0x0000000021fa0000)]
  0x0000000020df4000 JavaThread "Thread-177" [_thread_blocked, id=13740, stack(0x000000001fe60000,0x000000001ff60000)]
  0x0000000020dfb000 JavaThread "Stdin handler" [_thread_blocked, id=23532, stack(0x000000001c6f0000,0x000000001c7f0000)]
  0x0000000020df6800 JavaThread "Asynchronous log dispatcher for DefaultDaemonConnection: socket connection from /127.0.0.1:59101 to /127.0.0.1:61271" [_thread_blocked, id=12172, stack(0x000000001c5f0000,0x000000001c6f0000)]
  0x0000000019e30000 JavaThread "Daemon worker Thread 5" [_thread_blocked, id=20536, stack(0x000000001c4f0000,0x000000001c5f0000)]
  0x0000000019e2f000 JavaThread "Cancel handler" [_thread_blocked, id=16508, stack(0x000000001c3f0000,0x000000001c4f0000)]
  0x0000000019e2e800 JavaThread "Handler for socket connection from /127.0.0.1:59101 to /127.0.0.1:61271" [_thread_in_native, id=2496, stack(0x000000001c2f0000,0x000000001c3f0000)]
  0x0000000019e33000 JavaThread "Daemon Thread 5" [_thread_blocked, id=14564, stack(0x0000000001610000,0x0000000001710000)]
  0x000000001e9fb000 JavaThread "RMI Reaper" [_thread_blocked, id=13480, stack(0x0000000028eb0000,0x0000000028fb0000)]
  0x000000001ea01000 JavaThread "RMI TCP Accept-0" daemon [_thread_in_native, id=3608, stack(0x0000000028db0000,0x0000000028eb0000)]
  0x000000001e9ff000 JavaThread "GC Daemon" daemon [_thread_blocked, id=5276, stack(0x0000000028cb0000,0x0000000028db0000)]
  0x000000001e9f2000 JavaThread "RMI Scheduler(0)" daemon [_thread_blocked, id=14280, stack(0x0000000027cb0000,0x0000000027db0000)]
  0x0000000020df8000 JavaThread "Cache worker for file content cache (C:\Users\Paatryk\.gradle\caches\5.4.1\fileContent)" [_thread_blocked, id=22124, stack(0x0000000025b80000,0x0000000025c80000)]
  0x0000000020dfe800 JavaThread "Memory manager" [_thread_blocked, id=9624, stack(0x0000000025460000,0x0000000025560000)]
  0x0000000020dfa000 JavaThread "Cache worker for execution history cache (C:\Users\Paatryk\.gradle\caches\5.4.1\executionHistory)" [_thread_blocked, id=8464, stack(0x0000000021fe0000,0x00000000220e0000)]
  0x0000000019e31800 JavaThread "Cache worker for journal cache (C:\Users\Paatryk\.gradle\caches\journal-1)" [_thread_blocked, id=11540, stack(0x000000001c9f0000,0x000000001caf0000)]
  0x0000000019e30800 JavaThread "File lock request listener" [_thread_in_native, id=21176, stack(0x000000001c8f0000,0x000000001c9f0000)]
  0x0000000019e32000 JavaThread "Cache worker for file hash cache (C:\Users\Paatryk\.gradle\caches\5.4.1\fileHashes)" [_thread_blocked, id=7360, stack(0x000000001c7f0000,0x000000001c8f0000)]
  0x000000001a029800 JavaThread "Daemon periodic checks" [_thread_blocked, id=4676, stack(0x000000001bdf0000,0x000000001bef0000)]
  0x0000000019fe1000 JavaThread "Incoming local TCP Connector on port 59101" [_thread_in_native, id=14780, stack(0x000000001bbb0000,0x000000001bcb0000)]
  0x000000001b35d800 JavaThread "Daemon health stats" [_thread_blocked, id=15496, stack(0x000000001b570000,0x000000001b670000)]
  0x0000000018f73800 JavaThread "Service Thread" daemon [_thread_blocked, id=20600, stack(0x0000000019ba0000,0x0000000019ca0000)]
  0x0000000018eda000 JavaThread "C1 CompilerThread3" daemon [_thread_blocked, id=9096, stack(0x0000000019aa0000,0x0000000019ba0000)]
  0x00000000170db000 JavaThread "C2 CompilerThread2" daemon [_thread_blocked, id=17764, stack(0x00000000199a0000,0x0000000019aa0000)]
  0x0000000018ed5000 JavaThread "C2 CompilerThread1" daemon [_thread_blocked, id=24196, stack(0x00000000198a0000,0x00000000199a0000)]
=>0x0000000018ed1800 JavaThread "C2 CompilerThread0" daemon [_thread_in_native, id=21716, stack(0x00000000197a0000,0x00000000198a0000)]
  0x0000000018ecb000 JavaThread "Attach Listener" daemon [_thread_blocked, id=23868, stack(0x00000000196a0000,0x00000000197a0000)]
  0x0000000018ec9800 JavaThread "Signal Dispatcher" daemon [_thread_blocked, id=18336, stack(0x00000000195a0000,0x00000000196a0000)]
  0x0000000018ec1000 JavaThread "Finalizer" daemon [_thread_blocked, id=3824, stack(0x00000000193a0000,0x00000000194a0000)]
  0x0000000003304800 JavaThread "Reference Handler" daemon [_thread_blocked, id=21240, stack(0x00000000192a0000,0x00000000193a0000)]
  0x00000000017bd800 JavaThread "main" [_thread_blocked, id=11812, stack(0x0000000003050000,0x0000000003150000)]

Other Threads:
  0x00000000170c8800 VMThread [stack: 0x0000000018da0000,0x0000000018ea0000] [id=16060]
  0x0000000018f74000 WatcherThread [stack: 0x0000000019ca0000,0x0000000019da0000] [id=17672]

VM state:not at safepoint (normal execution)

VM Mutex/Monitor currently owned by a thread: None

heap address: 0x00000000a0000000, size: 1536 MB, Compressed Oops mode: 32-bit
Narrow klass base: 0x0000000000000000, Narrow klass shift: 3
Compressed class space size: 1073741824 Address: 0x0000000100000000

Heap:
 PSYoungGen      total 301568K, used 102593K [0x00000000e0000000, 0x00000000f8e00000, 0x0000000100000000)
  eden space 236544K, 15% used [0x00000000e0000000,0x00000000e24b1628,0x00000000ee700000)
  from space 65024K, 99% used [0x00000000f3380000,0x00000000f72ff158,0x00000000f7300000)
  to   space 78336K, 0% used [0x00000000ee700000,0x00000000ee700000,0x00000000f3380000)
 ParOldGen       total 125440K, used 75779K [0x00000000a0000000, 0x00000000a7a80000, 0x00000000e0000000)
  object space 125440K, 60% used [0x00000000a0000000,0x00000000a4a00f30,0x00000000a7a80000)
 Metaspace       used 117806K, capacity 123564K, committed 123736K, reserved 1157120K
  class space    used 15044K, capacity 16129K, committed 16216K, reserved 1048576K

Card table byte_map: [0x00000000126d0000,0x00000000129e0000] byte_map_base: 0x00000000121d0000

Marking Bits: (ParMarkBitMap*) 0x000000005e549f30
 Begin Bits: [0x00000000133e0000, 0x0000000014be0000)
 End Bits:   [0x0000000014be0000, 0x00000000163e0000)

Polling page: 0x00000000017a0000

CodeCache: size=245760Kb used=55108Kb max_used=55156Kb free=190651Kb
 bounds [0x0000000003310000, 0x0000000006960000, 0x0000000012310000]
 total_blobs=16728 nmethods=15693 adapters=947
 compilation: enabled

Compilation events (10 events):
Event: 4845.612 Thread 0x0000000018ed5000 19544   !   4       java.io.ObjectInputStream::readObject0 (566 bytes)
Event: 4845.614 Thread 0x0000000018eda000 19545       3       java.util.HashMap::readObject (266 bytes)
Event: 4845.619 Thread 0x0000000018eda000 nmethod 19545 0x00000000048c3c10 code [0x00000000048c4020, 0x00000000048c6158]
Event: 4845.635 Thread 0x0000000018eda000 19535       1       javax.management.ObjectName::getCanonicalName (5 bytes)
Event: 4845.636 Thread 0x0000000018eda000 nmethod 19535 0x00000000046b0750 code [0x00000000046b08a0, 0x00000000046b09b0]
Event: 4845.649 Thread 0x0000000018eda000 19537       1       com.sun.jmx.mbeanserver.NamedObject::getName (5 bytes)
Event: 4845.650 Thread 0x0000000018eda000 nmethod 19537 0x00000000048d9b10 code [0x00000000048d9c60, 0x00000000048d9d70]
Event: 4845.733 Thread 0x00000000170db000 nmethod 19506 0x0000000006940290 code [0x0000000006940960, 0x0000000006946fa8]
Event: 4845.740 Thread 0x00000000170db000 19517       4       java.io.ObjectOutputStream::defaultWriteObject (54 bytes)
Event: 4845.757 Thread 0x00000000170db000 nmethod 19517 0x000000000498ca10 code [0x000000000498cbc0, 0x000000000498d580]

GC Heap History (10 events):
Event: 3877.834 GC heap before
{Heap before GC invocations=28 (full 4):
 PSYoungGen      total 222720K, used 222716K [0x00000000e0000000, 0x00000000f1e80000, 0x0000000100000000)
  eden space 192512K, 100% used [0x00000000e0000000,0x00000000ebc00000,0x00000000ebc00000)
  from space 30208K, 99% used [0x00000000ebc00000,0x00000000ed97f3a0,0x00000000ed980000)
  to   space 38400K, 0% used [0x00000000ef900000,0x00000000ef900000,0x00000000f1e80000)
 ParOldGen       total 125440K, used 57836K [0x00000000a0000000, 0x00000000a7a80000, 0x00000000e0000000)
  object space 125440K, 46% used [0x00000000a0000000,0x00000000a387b3b8,0x00000000a7a80000)
 Metaspace       used 107825K, capacity 112506K, committed 112728K, reserved 1146880K
  class space    used 13934K, capacity 14811K, committed 14936K, reserved 1048576K
Event: 3877.877 GC heap after
Heap after GC invocations=28 (full 4):
 PSYoungGen      total 249344K, used 37096K [0x00000000e0000000, 0x00000000f2a80000, 0x0000000100000000)
  eden space 210944K, 0% used [0x00000000e0000000,0x00000000e0000000,0x00000000ece00000)
  from space 38400K, 96% used [0x00000000ef900000,0x00000000f1d3a050,0x00000000f1e80000)
  to   space 44032K, 0% used [0x00000000ece00000,0x00000000ece00000,0x00000000ef900000)
 ParOldGen       total 125440K, used 68574K [0x00000000a0000000, 0x00000000a7a80000, 0x00000000e0000000)
  object space 125440K, 54% used [0x00000000a0000000,0x00000000a42f7a80,0x00000000a7a80000)
 Metaspace       used 107825K, capacity 112506K, committed 112728K, reserved 1146880K
  class space    used 13934K, capacity 14811K, committed 14936K, reserved 1048576K
}
Event: 4535.355 GC heap before
{Heap before GC invocations=29 (full 4):
 PSYoungGen      total 249344K, used 248040K [0x00000000e0000000, 0x00000000f2a80000, 0x0000000100000000)
  eden space 210944K, 100% used [0x00000000e0000000,0x00000000ece00000,0x00000000ece00000)
  from space 38400K, 96% used [0x00000000ef900000,0x00000000f1d3a050,0x00000000f1e80000)
  to   space 44032K, 0% used [0x00000000ece00000,0x00000000ece00000,0x00000000ef900000)
 ParOldGen       total 125440K, used 68574K [0x00000000a0000000, 0x00000000a7a80000, 0x00000000e0000000)
  object space 125440K, 54% used [0x00000000a0000000,0x00000000a42f7a80,0x00000000a7a80000)
 Metaspace       used 110872K, capacity 116234K, committed 116568K, reserved 1150976K
  class space    used 14321K, capacity 15326K, committed 15448K, reserved 1048576K
Event: 4535.785 GC heap after
Heap after GC invocations=29 (full 4):
 PSYoungGen      total 254976K, used 43783K [0x00000000e0000000, 0x00000000f4780000, 0x0000000100000000)
  eden space 210944K, 0% used [0x00000000e0000000,0x00000000e0000000,0x00000000ece00000)
  from space 44032K, 99% used [0x00000000ece00000,0x00000000ef8c1da0,0x00000000ef900000)
  to   space 50688K, 0% used [0x00000000f1600000,0x00000000f1600000,0x00000000f4780000)
 ParOldGen       total 125440K, used 68582K [0x00000000a0000000, 0x00000000a7a80000, 0x00000000e0000000)
  object space 125440K, 54% used [0x00000000a0000000,0x00000000a42f9a80,0x00000000a7a80000)
 Metaspace       used 110872K, capacity 116234K, committed 116568K, reserved 1150976K
  class space    used 14321K, capacity 15326K, committed 15448K, reserved 1048576K
}
Event: 4543.814 GC heap before
{Heap before GC invocations=30 (full 4):
 PSYoungGen      total 254976K, used 254727K [0x00000000e0000000, 0x00000000f4780000, 0x0000000100000000)
  eden space 210944K, 100% used [0x00000000e0000000,0x00000000ece00000,0x00000000ece00000)
  from space 44032K, 99% used [0x00000000ece00000,0x00000000ef8c1da0,0x00000000ef900000)
  to   space 50688K, 0% used [0x00000000f1600000,0x00000000f1600000,0x00000000f4780000)
 ParOldGen       total 125440K, used 68582K [0x00000000a0000000, 0x00000000a7a80000, 0x00000000e0000000)
  object space 125440K, 54% used [0x00000000a0000000,0x00000000a42f9a80,0x00000000a7a80000)
 Metaspace       used 112235K, capacity 117700K, committed 117976K, reserved 1150976K
  class space    used 14475K, capacity 15501K, committed 15576K, reserved 1048576K
Event: 4544.200 GC heap after
Heap after GC invocations=30 (full 4):
 PSYoungGen      total 278528K, used 44559K [0x00000000e0000000, 0x00000000f5480000, 0x0000000100000000)
  eden space 227840K, 0% used [0x00000000e0000000,0x00000000e0000000,0x00000000ede80000)
  from space 50688K, 87% used [0x00000000f1600000,0x00000000f4183ce8,0x00000000f4780000)
  to   space 56832K, 0% used [0x00000000ede80000,0x00000000ede80000,0x00000000f1600000)
 ParOldGen       total 125440K, used 68590K [0x00000000a0000000, 0x00000000a7a80000, 0x00000000e0000000)
  object space 125440K, 54% used [0x00000000a0000000,0x00000000a42fba80,0x00000000a7a80000)
 Metaspace       used 112235K, capacity 117700K, committed 117976K, reserved 1150976K
  class space    used 14475K, capacity 15501K, committed 15576K, reserved 1048576K
}
Event: 4839.849 GC heap before
{Heap before GC invocations=31 (full 4):
 PSYoungGen      total 278528K, used 272399K [0x00000000e0000000, 0x00000000f5480000, 0x0000000100000000)
  eden space 227840K, 100% used [0x00000000e0000000,0x00000000ede80000,0x00000000ede80000)
  from space 50688K, 87% used [0x00000000f1600000,0x00000000f4183ce8,0x00000000f4780000)
  to   space 56832K, 0% used [0x00000000ede80000,0x00000000ede80000,0x00000000f1600000)
 ParOldGen       total 125440K, used 68590K [0x00000000a0000000, 0x00000000a7a80000, 0x00000000e0000000)
  object space 125440K, 54% used [0x00000000a0000000,0x00000000a42fba80,0x00000000a7a80000)
 Metaspace       used 113882K, capacity 119484K, committed 119768K, reserved 1153024K
  class space    used 14646K, capacity 15705K, committed 15832K, reserved 1048576K
Event: 4840.299 GC heap after
Heap after GC invocations=31 (full 4):
 PSYoungGen      total 284672K, used 54498K [0x00000000e0000000, 0x00000000f7300000, 0x0000000100000000)
  eden space 227840K, 0% used [0x00000000e0000000,0x00000000e0000000,0x00000000ede80000)
  from space 56832K, 95% used [0x00000000ede80000,0x00000000f13b8b00,0x00000000f1600000)
  to   space 65024K, 0% used [0x00000000f3380000,0x00000000f3380000,0x00000000f7300000)
 ParOldGen       total 125440K, used 68598K [0x00000000a0000000, 0x00000000a7a80000, 0x00000000e0000000)
  object space 125440K, 54% used [0x00000000a0000000,0x00000000a42fda80,0x00000000a7a80000)
 Metaspace       used 113882K, capacity 119484K, committed 119768K, reserved 1153024K
  class space    used 14646K, capacity 15705K, committed 15832K, reserved 1048576K
}
Event: 4845.186 GC heap before
{Heap before GC invocations=32 (full 4):
 PSYoungGen      total 284672K, used 282268K [0x00000000e0000000, 0x00000000f7300000, 0x0000000100000000)
  eden space 227840K, 99% used [0x00000000e0000000,0x00000000ede6e638,0x00000000ede80000)
  from space 56832K, 95% used [0x00000000ede80000,0x00000000f13b8b00,0x00000000f1600000)
  to   space 65024K, 0% used [0x00000000f3380000,0x00000000f3380000,0x00000000f7300000)
 ParOldGen       total 125440K, used 68598K [0x00000000a0000000, 0x00000000a7a80000, 0x00000000e0000000)
  object space 125440K, 54% used [0x00000000a0000000,0x00000000a42fda80,0x00000000a7a80000)
 Metaspace       used 117671K, capacity 123362K, committed 123736K, reserved 1157120K
  class space    used 15024K, capacity 16090K, committed 16216K, reserved 1048576K
Event: 4845.293 GC heap after
Heap after GC invocations=32 (full 4):
 PSYoungGen      total 301568K, used 65020K [0x00000000e0000000, 0x00000000f8e00000, 0x0000000100000000)
  eden space 236544K, 0% used [0x00000000e0000000,0x00000000e0000000,0x00000000ee700000)
  from space 65024K, 99% used [0x00000000f3380000,0x00000000f72ff158,0x00000000f7300000)
  to   space 78336K, 0% used [0x00000000ee700000,0x00000000ee700000,0x00000000f3380000)
 ParOldGen       total 125440K, used 75779K [0x00000000a0000000, 0x00000000a7a80000, 0x00000000e0000000)
  object space 125440K, 60% used [0x00000000a0000000,0x00000000a4a00f30,0x00000000a7a80000)
 Metaspace       used 117671K, capacity 123362K, committed 123736K, reserved 1157120K
  class space    used 15024K, capacity 16090K, committed 16216K, reserved 1048576K
}

Deoptimization events (10 events):
Event: 4845.151 Thread 0x00000000228d1000 Uncommon trap: reason=unstable_if action=reinterpret pc=0x0000000004d4e034 method=com.sun.org.apache.xerces.internal.dom.ParentNode.checkNormalizationAfterInsert(Lcom/sun/org/apache/xerces/internal/dom/ChildNode;)V @ 27
Event: 4845.152 Thread 0x00000000228d1000 Uncommon trap: reason=unstable_if action=reinterpret pc=0x0000000006796f1c method=com.google.common.collect.AbstractMapBasedMultimap$WrappedCollection.refreshIfEmpty()V @ 45
Event: 4845.175 Thread 0x00000000228d1000 Uncommon trap: reason=unstable_if action=reinterpret pc=0x00000000066930b8 method=com.android.utils.XmlUtils.toXmlAttributeValue(Ljava/lang/String;)Ljava/lang/String; @ 33
Event: 4845.175 Thread 0x00000000228d1000 Uncommon trap: reason=unstable_if action=reinterpret pc=0x000000000680e638 method=com.android.utils.XmlUtils.append(Lcom/android/utils/XmlUtils$PositionAwareStringBuilder;Lorg/w3c/dom/Node;Ljava/util/Map;Ljava/util/Set;)V @ 540
Event: 4845.176 Thread 0x00000000228d1000 Uncommon trap: reason=unstable_if action=reinterpret pc=0x000000000680e638 method=com.android.utils.XmlUtils.append(Lcom/android/utils/XmlUtils$PositionAwareStringBuilder;Lorg/w3c/dom/Node;Ljava/util/Map;Ljava/util/Set;)V @ 540
Event: 4845.322 Thread 0x00000000228d1000 Uncommon trap: reason=unstable_if action=reinterpret pc=0x000000000680e638 method=com.android.utils.XmlUtils.append(Lcom/android/utils/XmlUtils$PositionAwareStringBuilder;Lorg/w3c/dom/Node;Ljava/util/Map;Ljava/util/Set;)V @ 540
Event: 4845.597 Thread 0x00000000228d2800 Uncommon trap: reason=bimorphic action=maybe_recompile pc=0x0000000006931b10 method=java.lang.reflect.Constructor.newInstance([Ljava/lang/Object;)Ljava/lang/Object; @ 79
Event: 4845.600 Thread 0x00000000228d2800 Uncommon trap: reason=bimorphic action=maybe_recompile pc=0x0000000006931b10 method=java.lang.reflect.Constructor.newInstance([Ljava/lang/Object;)Ljava/lang/Object; @ 79
Event: 4845.601 Thread 0x00000000228d2800 Uncommon trap: reason=bimorphic action=maybe_recompile pc=0x0000000006931b10 method=java.lang.reflect.Constructor.newInstance([Ljava/lang/Object;)Ljava/lang/Object; @ 79
Event: 4845.602 Thread 0x00000000228d2800 Uncommon trap: reason=bimorphic action=maybe_recompile pc=0x0000000006931b10 method=java.lang.reflect.Constructor.newInstance([Ljava/lang/Object;)Ljava/lang/Object; @ 79

Classes redefined (0 events):
No events

Internal exceptions (10 events):
Event: 4842.131 Thread 0x00000000228d2800 Exception <a 'java/io/FileNotFoundException'> (0x00000000e8c60380) thrown at [D:\src\AOSP-openjdk-cygwin\jdk8u\hotspot\src\share\vm\prims\jni.cpp, line 710]
Event: 4842.159 Thread 0x00000000228d1000 Implicit null exception at 0x00000000066ab6ef to 0x00000000066ad575
Event: 4842.604 Thread 0x00000000228d1000 Implicit null exception at 0x00000000067a376e to 0x00000000067a6269
Event: 4845.175 Thread 0x00000000228d1000 Implicit null exception at 0x00000000068105d6 to 0x000000000680e609
Event: 4845.176 Thread 0x00000000228d1000 Implicit null exception at 0x00000000068105d6 to 0x000000000680e609
Event: 4845.321 Thread 0x00000000228d1000 Implicit null exception at 0x00000000068105d6 to 0x000000000680e609
Event: 4845.373 Thread 0x00000000228d1000 Exception <a 'java/lang/NoSuchMethodError': <clinit>> (0x00000000e01b74f0) thrown at [D:\src\AOSP-openjdk-cygwin\jdk8u\hotspot\src\share\vm\prims\jni.cpp, line 1614]
Event: 4845.378 Thread 0x00000000228d1000 Exception <a 'java/lang/NoSuchMethodError': <clinit>> (0x00000000e01d1498) thrown at [D:\src\AOSP-openjdk-cygwin\jdk8u\hotspot\src\share\vm\prims\jni.cpp, line 1614]
Event: 4845.378 Thread 0x00000000228d1000 Exception <a 'java/lang/NoSuchMethodError': <clinit>> (0x00000000e01d62a8) thrown at [D:\src\AOSP-openjdk-cygwin\jdk8u\hotspot\src\share\vm\prims\jni.cpp, line 1614]
Event: 4845.379 Thread 0x00000000228d1000 Exception <a 'java/lang/NoSuchMethodError': <clinit>> (0x00000000e01e68a8) thrown at [D:\src\AOSP-openjdk-cygwin\jdk8u\hotspot\src\share\vm\prims\jni.cpp, line 1614]

Events (10 events):
Event: 4845.740 Thread 0x00000000170db000 flushing nmethod 0x0000000006402350
Event: 4845.758 Thread 0x00000000170db000 flushing nmethod 0x00000000064c2a90
Event: 4845.773 loading class com/android/builder/internal/aapt/v2/Aapt2DaemonImpl$WaitForTaskCompletion
Event: 4845.773 loading class com/android/builder/internal/aapt/v2/Aapt2DaemonImpl$WaitForTaskCompletion done
Event: 4845.777 loading class com/android/builder/internal/aapt/v2/Aapt2DaemonUtil
Event: 4845.777 loading class com/android/builder/internal/aapt/v2/Aapt2DaemonUtil done
Event: 4845.778 loading class com/android/builder/internal/aapt/AaptException
Event: 4845.778 loading class com/android/builder/internal/aapt/AaptException done
Event: 4845.778 loading class com/android/builder/internal/aapt/v2/AaptV2CommandBuilder
Event: 4845.778 loading class com/android/builder/internal/aapt/v2/AaptV2CommandBuilder done


Dynamic libraries:
0x00007ff62a8e0000 - 0x00007ff62a911000 	D:\Programy\Android Studio\jre\bin\java.exe
0x00007ffbd2300000 - 0x00007ffbd24f0000 	C:\WINDOWS\SYSTEM32\ntdll.dll
0x00007ffbd1890000 - 0x00007ffbd1942000 	C:\WINDOWS\System32\KERNEL32.DLL
0x00007ffbcf290000 - 0x00007ffbcf533000 	C:\WINDOWS\System32\KERNELBASE.dll
0x00007ffbd1ea0000 - 0x00007ffbd1f43000 	C:\WINDOWS\System32\ADVAPI32.dll
0x00007ffbd1e00000 - 0x00007ffbd1e9e000 	C:\WINDOWS\System32\msvcrt.dll
0x00007ffbd19e0000 - 0x00007ffbd1a77000 	C:\WINDOWS\System32\sechost.dll
0x00007ffbd04c0000 - 0x00007ffbd05e0000 	C:\WINDOWS\System32\RPCRT4.dll
0x00007ffbd2120000 - 0x00007ffbd22b4000 	C:\WINDOWS\System32\USER32.dll
0x00007ffbcf770000 - 0x00007ffbcf791000 	C:\WINDOWS\System32\win32u.dll
0x00007ffbd1860000 - 0x00007ffbd1886000 	C:\WINDOWS\System32\GDI32.dll
0x00007ffbcffa0000 - 0x00007ffbd0134000 	C:\WINDOWS\System32\gdi32full.dll
0x00007ffbd02e0000 - 0x00007ffbd037e000 	C:\WINDOWS\System32\msvcp_win.dll
0x00007ffbcf670000 - 0x00007ffbcf76a000 	C:\WINDOWS\System32\ucrtbase.dll
0x00007ffbc2eb0000 - 0x00007ffbc3135000 	C:\WINDOWS\WinSxS\amd64_microsoft.windows.common-controls_6595b64144ccf1df_6.0.18362.592_none_e6c0b1911312be02\COMCTL32.dll
0x00007ffbd1430000 - 0x00007ffbd1766000 	C:\WINDOWS\System32\combase.dll
0x00007ffbcf7a0000 - 0x00007ffbcf820000 	C:\WINDOWS\System32\bcryptPrimitives.dll
0x00007ffbd19b0000 - 0x00007ffbd19de000 	C:\WINDOWS\System32\IMM32.DLL
0x000000005dca0000 - 0x000000005dd72000 	D:\Programy\Android Studio\jre\jre\bin\msvcr100.dll
0x000000005dd80000 - 0x000000005e5c6000 	D:\Programy\Android Studio\jre\jre\bin\server\jvm.dll
0x00007ffbd1f50000 - 0x00007ffbd1f58000 	C:\WINDOWS\System32\PSAPI.DLL
0x00007ffbc35a0000 - 0x00007ffbc35aa000 	C:\WINDOWS\SYSTEM32\VERSION.dll
0x00007ffbc5be0000 - 0x00007ffbc5c04000 	C:\WINDOWS\SYSTEM32\WINMM.dll
0x00007ffbcb060000 - 0x00007ffbcb069000 	C:\WINDOWS\SYSTEM32\WSOCK32.dll
0x00007ffbc59a0000 - 0x00007ffbc59cd000 	C:\WINDOWS\SYSTEM32\WINMMBASE.dll
0x00007ffbd0140000 - 0x00007ffbd018a000 	C:\WINDOWS\System32\cfgmgr32.dll
0x00007ffbd1bd0000 - 0x00007ffbd1c3f000 	C:\WINDOWS\System32\ws2_32.DLL
0x00007ffbcb050000 - 0x00007ffbcb05f000 	D:\Programy\Android Studio\jre\jre\bin\verify.dll
0x00007ffbcaef0000 - 0x00007ffbcaf19000 	D:\Programy\Android Studio\jre\jre\bin\java.dll
0x00007ffbcaed0000 - 0x00007ffbcaee6000 	D:\Programy\Android Studio\jre\jre\bin\zip.dll
0x00007ffbd0b90000 - 0x00007ffbd1275000 	C:\WINDOWS\System32\SHELL32.dll
0x00007ffbd0410000 - 0x00007ffbd04b9000 	C:\WINDOWS\System32\shcore.dll
0x00007ffbcf820000 - 0x00007ffbcff9f000 	C:\WINDOWS\System32\windows.storage.dll
0x00007ffbcf270000 - 0x00007ffbcf28f000 	C:\WINDOWS\System32\profapi.dll
0x00007ffbcf1e0000 - 0x00007ffbcf22a000 	C:\WINDOWS\System32\powrprof.dll
0x00007ffbcf1d0000 - 0x00007ffbcf1e0000 	C:\WINDOWS\System32\UMPDC.dll
0x00007ffbd1950000 - 0x00007ffbd19a2000 	C:\WINDOWS\System32\shlwapi.dll
0x00007ffbcf250000 - 0x00007ffbcf261000 	C:\WINDOWS\System32\kernel.appcore.dll
0x00007ffbcf540000 - 0x00007ffbcf557000 	C:\WINDOWS\System32\cryptsp.dll
0x00007ffbcae80000 - 0x00007ffbcae9a000 	D:\Programy\Android Studio\jre\jre\bin\net.dll
0x00007ffbcea40000 - 0x00007ffbceaa7000 	C:\WINDOWS\system32\mswsock.dll
0x00007ffbcaaa0000 - 0x00007ffbcaab1000 	D:\Programy\Android Studio\jre\jre\bin\nio.dll
0x00007ffbc96b0000 - 0x00007ffbc96d6000 	C:\Users\Paatryk\.gradle\native\29\windows-amd64\native-platform.dll
0x00007ffbcb040000 - 0x00007ffbcb04d000 	D:\Programy\Android Studio\jre\jre\bin\management.dll
0x00007ffbce5b0000 - 0x00007ffbce5e3000 	C:\WINDOWS\system32\rsaenh.dll
0x00007ffbd0380000 - 0x00007ffbd03a6000 	C:\WINDOWS\System32\bcrypt.dll
0x00007ffbcf0f0000 - 0x00007ffbcf115000 	C:\WINDOWS\SYSTEM32\USERENV.dll
0x00007ffbcec10000 - 0x00007ffbcec1c000 	C:\WINDOWS\SYSTEM32\CRYPTBASE.dll
0x00007ffbce750000 - 0x00007ffbce78a000 	C:\WINDOWS\SYSTEM32\IPHLPAPI.DLL
0x00007ffbd0660000 - 0x00007ffbd0668000 	C:\WINDOWS\System32\NSI.dll
0x00007ffbc83e0000 - 0x00007ffbc83f6000 	C:\WINDOWS\SYSTEM32\dhcpcsvc6.DLL
0x00007ffbc87c0000 - 0x00007ffbc87dc000 	C:\WINDOWS\SYSTEM32\dhcpcsvc.DLL
0x00007ffbce790000 - 0x00007ffbce85a000 	C:\WINDOWS\SYSTEM32\DNSAPI.dll
0x00007ffbc96e0000 - 0x00007ffbc9704000 	D:\Programy\Android Studio\jre\jre\bin\sunec.dll
0x00007ffbc9750000 - 0x00007ffbc975a000 	C:\Windows\System32\rasadhlp.dll
0x00007ffbc82b0000 - 0x00007ffbc8327000 	C:\WINDOWS\System32\fwpuclnt.dll
0x00007ffbca7e0000 - 0x00007ffbca7eb000 	D:\Programy\Android Studio\jre\jre\bin\sunmscapi.dll
0x00007ffbd0190000 - 0x00007ffbd02d9000 	C:\WINDOWS\System32\CRYPT32.dll
0x00007ffbcf230000 - 0x00007ffbcf242000 	C:\WINDOWS\System32\MSASN1.dll
0x00007ffbca750000 - 0x00007ffbca76e000 	C:\Users\Paatryk\AppData\Local\Temp\native-platform7732463550912689460dir\native-platform.dll
0x00007ffbce210000 - 0x00007ffbce241000 	C:\WINDOWS\SYSTEM32\ntmarta.dll
0x00007ffba12e0000 - 0x00007ffba147c000 	D:\Programy\Android Studio\jre\jre\bin\awt.dll
0x00007ffbd1770000 - 0x00007ffbd1834000 	C:\WINDOWS\System32\OLEAUT32.dll
0x00007ffbcd950000 - 0x00007ffbcd97d000 	C:\WINDOWS\SYSTEM32\dwmapi.dll
0x00007ffbcbfb0000 - 0x00007ffbcc570000 	C:\WINDOWS\SYSTEM32\d2d1.dll
0x00007ffbcd430000 - 0x00007ffbcd4bf000 	C:\WINDOWS\SYSTEM32\apphelp.dll
0x00007ffbcd530000 - 0x00007ffbcd5c9000 	C:\WINDOWS\system32\uxtheme.dll

VM Arguments:
jvm_args: -Xmx1536m -Dfile.encoding=windows-1252 -Duser.country=US -Duser.language=en -Duser.variant 
java_command: org.gradle.launcher.daemon.bootstrap.GradleDaemon 5.4.1
java_class_path (initial): C:\Users\Paatryk\.gradle\wrapper\dists\gradle-5.4.1-all\3221gyojl5jsh0helicew7rwx\gradle-5.4.1\lib\gradle-launcher-5.4.1.jar
Launcher Type: SUN_STANDARD

Environment Variables:
PATH=C:\WINDOWS\system32;C:\WINDOWS;C:\WINDOWS\System32\Wbem;C:\WINDOWS\System32\WindowsPowerShell\v1.0\;C:\WINDOWS\System32\OpenSSH\;D:\Programy\Brackets\command;D:\nodejs\;D:\Programy\Git\cmd;D:\Putty\;C:\Program Files\Microsoft SQL Server\Client SDK\ODBC\130\Tools\Binn\;C:\Program Files (x86)\Microsoft SQL Server\140\Tools\Binn\;C:\Program Files\Microsoft SQL Server\140\Tools\Binn\;C:\Program Files\Microsoft SQL Server\140\DTS\Binn\;C:\Program Files (x86)\Microsoft SQL Server\150\DTS\Binn\;C:\Program Files\dotnet\;C:\Program Files\Microsoft SQL Server\130\Tools\Binn\;C:\Program Files\Microsoft SQL Server\Client SDK\ODBC\170\Tools\Binn\;C:\Users\Paatryk\AppData\Local\Microsoft\WindowsApps;C:\Users\Paatryk\AppData\Roaming\npm;D:\Programy\Microsoft VS Code\bin;D:\IntelliJ\IntelliJ IDEA Community Edition 2019.2.3\bin;;C:\Users\Paatryk\AppData\Local\hyper\app-3.0.2\resources\bin;D:\heroku\bin
USERNAME=Paatryk
OS=Windows_NT
PROCESSOR_IDENTIFIER=Intel64 Family 6 Model 158 Stepping 9, GenuineIntel



---------------  S Y S T E M  ---------------

OS: Windows 10.0 , 64 bit Build 18362 (10.0.18362.329)

CPU:total 8 (initial active 8) (4 cores per cpu, 2 threads per core) family 6 model 158 stepping 9, cmov, cx8, fxsr, mmx, sse, sse2, sse3, ssse3, sse4.1, sse4.2, popcnt, avx, avx2, aes, clmul, erms, 3dnowpref, lzcnt, ht, tsc, tscinvbit, bmi1, bmi2, adx

Memory: 4k page, physical 8278180k(310568k free), swap 23754016k(20k free)

vm_info: OpenJDK 64-Bit Server VM (25.202-b03) for windows-amd64 JRE (1.8.0_202-release-1483-b03), built by "builder" with MS VC++ 10.0 (VS2010)

time: Sun Jan 26 13:34:04 2020
timezone: Central European Standard Time
elapsed time: 4845 seconds (0d 1h 20m 45s)

