#
# There is insufficient memory for the Java Runtime Environment to continue.
# Native memory allocation (malloc) failed to allocate 32744 bytes for ChunkPool::allocate
# Possible reasons:
#   The system is out of physical RAM or swap space
#   The process is running with CompressedOops enabled, and the Java Heap may be blocking the growth of the native heap
# Possible solutions:
#   Reduce memory load on the system
#   Increase physical memory or swap space
#   Check if swap backing store is full
#   Decrease Java heap size (-Xmx/-Xms)
#   Decrease number of Java threads
#   Decrease Java thread stack sizes (-Xss)
#   Set larger code cache with -XX:ReservedCodeCacheSize=
#   JVM is running with Unscaled Compressed Oops mode in which the Java heap is
#     placed in the first 4GB address space. The Java Heap base address is the
#     maximum limit for the native heap growth. Please use -XX:HeapBaseMinAddress
#     to set the Java Heap base and to place the Java Heap above 4GB virtual address.
# This output file may be truncated or incomplete.
#
#  Out of Memory Error (allocation.cpp:272), pid=22136, tid=0x000000000000535c
#
# JRE version: OpenJDK Runtime Environment (8.0_202-b03) (build 1.8.0_202-release-1483-b03)
# Java VM: OpenJDK 64-Bit Server VM (25.202-b03 mixed mode windows-amd64 compressed oops)
# Failed to write core dump. Minidumps are not enabled by default on client versions of Windows
#

---------------  T H R E A D  ---------------

Current thread (0x0000000018f3f800):  JavaThread "C1 CompilerThread3" daemon [_thread_in_native, id=21340, stack(0x0000000019ab0000,0x0000000019bb0000)]

Stack: [0x0000000019ab0000,0x0000000019bb0000]
[error occurred during error reporting (printing stack bounds), id 0xc0000005]

Native frames: (J=compiled Java code, j=interpreted, Vv=VM code, C=native code)


Current CompileTask:
C1: 104841 19253 %     3       com.android.tools.r8.t.a.a.f::a @ 66 (5949 bytes)


---------------  P R O C E S S  ---------------

Java Threads: ( => current thread )
  0x000000001d814000 JavaThread "ForkJoinPool.commonPool-worker-7" daemon [_thread_blocked, id=5636, stack(0x000000002c480000,0x000000002c580000)]
  0x0000000023d91000 JavaThread "ForkJoinPool.commonPool-worker-6" daemon [_thread_blocked, id=1600, stack(0x000000002c380000,0x000000002c480000)]
  0x0000000023d90000 JavaThread "ForkJoinPool.commonPool-worker-5" daemon [_thread_blocked, id=21372, stack(0x000000002c280000,0x000000002c380000)]
  0x0000000022856800 JavaThread "ForkJoinPool.commonPool-worker-4" daemon [_thread_blocked, id=2724, stack(0x000000002c180000,0x000000002c280000)]
  0x0000000022856000 JavaThread "ForkJoinPool.commonPool-worker-3" daemon [_thread_blocked, id=3204, stack(0x000000002c080000,0x000000002c180000)]
  0x0000000022857800 JavaThread "ForkJoinPool.commonPool-worker-2" daemon [_thread_blocked, id=8960, stack(0x000000002bf80000,0x000000002c080000)]
  0x0000000022853000 JavaThread "WorkerExecutor Queue Thread 11" [_thread_blocked, id=8692, stack(0x000000002b480000,0x000000002b580000)]
  0x0000000022849800 JavaThread "Cache worker for Java compile cache (D:\Android\boilerplate\tukej\.gradle\5.4.1\javaCompile)" [_thread_blocked, id=17720, stack(0x000000002b780000,0x000000002b880000)]
  0x0000000023d92800 JavaThread "Cache worker for Java compile cache (C:\Users\Paatryk\.gradle\caches\5.4.1\javaCompile)" [_thread_blocked, id=19796, stack(0x0000000029540000,0x0000000029640000)]
  0x0000000023d93000 JavaThread "WorkerExecutor Queue Thread 10" [_thread_blocked, id=21240, stack(0x000000002b680000,0x000000002b780000)]
  0x0000000023d8e800 JavaThread "RMI TCP Connection(1)-127.0.0.1" daemon [_thread_in_native, id=12252, stack(0x000000002b580000,0x000000002b680000)]
  0x0000000023d91800 JavaThread "RMI Reaper" [_thread_blocked, id=7456, stack(0x0000000029b40000,0x0000000029c40000)]
  0x0000000023d8e000 JavaThread "RMI TCP Accept-0" daemon [_thread_in_native, id=11468, stack(0x0000000029a40000,0x0000000029b40000)]
  0x0000000023d8c800 JavaThread "GC Daemon" daemon [_thread_blocked, id=11876, stack(0x0000000029640000,0x0000000029740000)]
  0x0000000023d8d000 JavaThread "RMI Scheduler(0)" daemon [_thread_blocked, id=18492, stack(0x0000000029440000,0x0000000029540000)]
  0x000000001d81e800 JavaThread "stdout" [_thread_in_native, id=20032, stack(0x000000002b380000,0x000000002b480000)]
  0x000000001d81e000 JavaThread "stderr" [_thread_in_native, id=21332, stack(0x000000002b280000,0x000000002b380000)]
  0x000000001d81d000 JavaThread "stdout" [_thread_in_native, id=3184, stack(0x000000002b180000,0x000000002b280000)]
  0x000000001d81b800 JavaThread "stderr" [_thread_in_native, id=2356, stack(0x000000002b080000,0x000000002b180000)]
  0x000000001d815800 JavaThread "stdout" [_thread_in_native, id=11912, stack(0x000000002af80000,0x000000002b080000)]
  0x000000001d81c800 JavaThread "stderr" [_thread_in_native, id=9160, stack(0x000000002ae80000,0x000000002af80000)]
  0x000000001d81b000 JavaThread "stdout" [_thread_in_native, id=2012, stack(0x000000002ad80000,0x000000002ae80000)]
  0x000000001d81a000 JavaThread "stderr" [_thread_in_native, id=8904, stack(0x000000002ac80000,0x000000002ad80000)]
  0x000000001d819800 JavaThread "stdout" [_thread_in_native, id=16668, stack(0x000000002ab80000,0x000000002ac80000)]
  0x000000001d818800 JavaThread "stderr" [_thread_in_native, id=14464, stack(0x000000002aa80000,0x000000002ab80000)]
  0x000000001d817000 JavaThread "stdout" [_thread_in_native, id=21408, stack(0x000000002a980000,0x000000002aa80000)]
  0x000000001d816800 JavaThread "stderr" [_thread_in_native, id=8096, stack(0x000000002a880000,0x000000002a980000)]
  0x000000001d818000 JavaThread "stdout" [_thread_in_native, id=22080, stack(0x000000002a780000,0x000000002a880000)]
  0x000000001d810800 JavaThread "stderr" [_thread_in_native, id=2676, stack(0x000000002a680000,0x000000002a780000)]
  0x000000001d815000 JavaThread "stdout" [_thread_in_native, id=21288, stack(0x000000002a580000,0x000000002a680000)]
  0x000000001d813800 JavaThread "stderr" [_thread_in_native, id=8368, stack(0x000000002a480000,0x000000002a580000)]
  0x000000001d812800 JavaThread "pool-8-thread-1" [_thread_blocked, id=17020, stack(0x000000002a380000,0x000000002a480000)]
  0x000000001d811000 JavaThread "MarlinRenderer Disposer" daemon [_thread_blocked, id=2956, stack(0x0000000029e80000,0x0000000029f80000)]
  0x000000001d812000 JavaThread "Java2D Disposer" daemon [_thread_blocked, id=24136, stack(0x0000000029c50000,0x0000000029d50000)]
  0x0000000022853800 JavaThread "WorkerExecutor Queue Thread 3" [_thread_blocked, id=10972, stack(0x0000000029340000,0x0000000029440000)]
  0x0000000022850800 JavaThread "Cache worker for execution history cache (D:\Android\boilerplate\tukej\.gradle\5.4.1\executionHistory)" [_thread_blocked, id=5940, stack(0x0000000029040000,0x0000000029140000)]
  0x000000002284c800 JavaThread "Execution worker for ':' Thread 7" [_thread_blocked, id=11592, stack(0x0000000028f40000,0x0000000029040000)]
  0x000000002284e000 JavaThread "Execution worker for ':' Thread 6" [_thread_blocked, id=17252, stack(0x0000000028e40000,0x0000000028f40000)]
  0x000000002284c000 JavaThread "Execution worker for ':' Thread 5" [_thread_blocked, id=15628, stack(0x0000000028d40000,0x0000000028e40000)]
  0x000000002284a800 JavaThread "Execution worker for ':' Thread 4" [_thread_blocked, id=19360, stack(0x0000000028c40000,0x0000000028d40000)]
  0x000000002284f800 JavaThread "Execution worker for ':' Thread 3" [_thread_blocked, id=19780, stack(0x0000000028b40000,0x0000000028c40000)]
  0x000000002284f000 JavaThread "Execution worker for ':' Thread 2" [_thread_blocked, id=20320, stack(0x0000000028940000,0x0000000028a40000)]
  0x0000000022849000 JavaThread "Execution worker for ':'" [_thread_blocked, id=20356, stack(0x0000000028840000,0x0000000028940000)]
  0x0000000022848000 JavaThread "Cache worker for file content cache (D:\Android\boilerplate\tukej\.gradle\5.4.1\fileContent)" [_thread_blocked, id=16176, stack(0x0000000028740000,0x0000000028840000)]
  0x000000002284b000 JavaThread "Cache worker for file content cache (C:\Users\Paatryk\.gradle\caches\5.4.1\fileContent)" [_thread_blocked, id=10884, stack(0x0000000028640000,0x0000000028740000)]
  0x000000001aef8800 JavaThread "Cache worker for Build Output Cleanup Cache (D:\Android\boilerplate\tukej\.gradle\buildOutputCleanup)" [_thread_blocked, id=16520, stack(0x0000000028540000,0x0000000028640000)]
  0x000000001aef6800 JavaThread "Build operations Thread 8" [_thread_blocked, id=20092, stack(0x0000000028440000,0x0000000028540000)]
  0x000000001aefb000 JavaThread "Build operations Thread 7" [_thread_blocked, id=16568, stack(0x0000000028340000,0x0000000028440000)]
  0x000000001aefd000 JavaThread "Build operations Thread 6" [_thread_blocked, id=18020, stack(0x0000000028240000,0x0000000028340000)]
  0x000000001ec0f800 JavaThread "Build operations Thread 5" [_thread_blocked, id=5908, stack(0x0000000028140000,0x0000000028240000)]
  0x000000001ec0e000 JavaThread "Build operations Thread 4" [_thread_blocked, id=23500, stack(0x0000000028040000,0x0000000028140000)]
  0x000000001ec0c800 JavaThread "Build operations Thread 3" [_thread_blocked, id=20832, stack(0x0000000025fb0000,0x00000000260b0000)]
  0x000000001ec0d000 JavaThread "Build operations Thread 2" [_thread_blocked, id=21220, stack(0x00000000253b0000,0x00000000254b0000)]
  0x000000001ec02000 JavaThread "Build operations" [_thread_blocked, id=8512, stack(0x0000000024ab0000,0x0000000024bb0000)]
  0x000000001ec05800 JavaThread "Cache worker for cache directory md-rule (C:\Users\Paatryk\.gradle\caches\5.4.1\md-rule)" [_thread_blocked, id=22732, stack(0x00000000223b0000,0x00000000224b0000)]
  0x000000001ec08800 JavaThread "Cache worker for cache directory md-supplier (C:\Users\Paatryk\.gradle\caches\5.4.1\md-supplier)" [_thread_blocked, id=20712, stack(0x000000001fe70000,0x000000001ff70000)]
  0x000000001ec01000 JavaThread "Cache worker for file hash cache (D:\Android\boilerplate\tukej\.gradle\5.4.1\fileHashes)" [_thread_blocked, id=5760, stack(0x000000001c700000,0x000000001c800000)]
  0x000000001ec05000 JavaThread "Thread-94" [_thread_blocked, id=11832, stack(0x000000001c600000,0x000000001c700000)]
  0x000000001ec03800 JavaThread "Stdin handler" [_thread_blocked, id=21644, stack(0x000000001c500000,0x000000001c600000)]
  0x000000001ec07000 JavaThread "Asynchronous log dispatcher for DefaultDaemonConnection: socket connection from /127.0.0.1:61481 to /127.0.0.1:61543" [_thread_blocked, id=23160, stack(0x000000001c300000,0x000000001c400000)]
  0x000000001ec08000 JavaThread "Cancel handler" [_thread_blocked, id=11988, stack(0x0000000001720000,0x0000000001820000)]
  0x000000001ec06800 JavaThread "Handler for socket connection from /127.0.0.1:61481 to /127.0.0.1:61543" [_thread_in_native, id=2812, stack(0x0000000001520000,0x0000000001620000)]
  0x000000001ec0a000 JavaThread "Memory manager" [_thread_blocked, id=22704, stack(0x0000000025cb0000,0x0000000025db0000)]
  0x000000001aef7000 JavaThread "Cache worker for execution history cache (C:\Users\Paatryk\.gradle\caches\5.4.1\executionHistory)" [_thread_blocked, id=23440, stack(0x0000000021ab0000,0x0000000021bb0000)]
  0x000000001aefa000 JavaThread "Cache worker for journal cache (C:\Users\Paatryk\.gradle\caches\journal-1)" [_thread_blocked, id=23012, stack(0x000000001ca00000,0x000000001cb00000)]
  0x000000001aef9800 JavaThread "File lock request listener" [_thread_in_native, id=18016, stack(0x000000001c900000,0x000000001ca00000)]
  0x000000001adf5800 JavaThread "Cache worker for file hash cache (C:\Users\Paatryk\.gradle\caches\5.4.1\fileHashes)" [_thread_blocked, id=18656, stack(0x000000001c800000,0x000000001c900000)]
  0x000000001ae15000 JavaThread "Daemon worker" [_thread_blocked, id=14364, stack(0x000000001c400000,0x000000001c500000)]
  0x0000000019ff9000 JavaThread "Daemon" [_thread_blocked, id=23060, stack(0x000000001bf00000,0x000000001c000000)]
  0x0000000019dc7000 JavaThread "Daemon periodic checks" [_thread_blocked, id=19684, stack(0x000000001be00000,0x000000001bf00000)]
  0x0000000019dc5000 JavaThread "Incoming local TCP Connector on port 61481" [_thread_in_native, id=8124, stack(0x000000001bbc0000,0x000000001bcc0000)]
  0x000000001ac86000 JavaThread "Daemon health stats" [_thread_blocked, id=14024, stack(0x000000001b580000,0x000000001b680000)]
  0x0000000018f6c000 JavaThread "Service Thread" daemon [_thread_blocked, id=14156, stack(0x0000000019bb0000,0x0000000019cb0000)]
=>0x0000000018f3f800 JavaThread "C1 CompilerThread3" daemon [_thread_in_native, id=21340, stack(0x0000000019ab0000,0x0000000019bb0000)]
  0x0000000018f2e800 JavaThread "C2 CompilerThread2" daemon [_thread_blocked, id=4268, stack(0x00000000199b0000,0x0000000019ab0000)]
  0x0000000018edc000 JavaThread "C2 CompilerThread1" daemon [_thread_blocked, id=24000, stack(0x00000000198b0000,0x00000000199b0000)]
  0x0000000018ed8800 JavaThread "C2 CompilerThread0" daemon [_thread_in_native, id=14612, stack(0x00000000197b0000,0x00000000198b0000)]
  0x0000000018ed5800 JavaThread "Attach Listener" daemon [_thread_blocked, id=20448, stack(0x00000000196b0000,0x00000000197b0000)]
  0x00000000170de800 JavaThread "Signal Dispatcher" daemon [_thread_blocked, id=8548, stack(0x00000000195b0000,0x00000000196b0000)]
  0x0000000003309000 JavaThread "Finalizer" daemon [_thread_blocked, id=23860, stack(0x00000000193b0000,0x00000000194b0000)]
  0x0000000003306000 JavaThread "Reference Handler" daemon [_thread_blocked, id=10908, stack(0x00000000192b0000,0x00000000193b0000)]
  0x00000000030dd800 JavaThread "main" [_thread_blocked, id=6280, stack(0x00000000030e0000,0x00000000031e0000)]

Other Threads:
  0x00000000170c8000 VMThread [stack: 0x0000000018db0000,0x0000000018eb0000] [id=6096]
  0x0000000018f6c800 WatcherThread [stack: 0x0000000019cb0000,0x0000000019db0000] [id=8288]

VM state:at safepoint (normal execution)

VM Mutex/Monitor currently owned by a thread:  ([mutex/lock_event])
[0x00000000030dca50] Threads_lock - owner thread: 0x00000000170c8000
[0x00000000030dd4d0] Heap_lock - owner thread: 0x000000002284f800

heap address: 0x00000000a0000000, size: 1536 MB, Compressed Oops mode: 32-bit
Narrow klass base: 0x0000000000000000, Narrow klass shift: 3
Compressed class space size: 1073741824 Address: 0x0000000100000000

Heap:
 PSYoungGen      total 273408K, used 251412K [0x00000000e0000000, 0x00000000f4180000, 0x0000000100000000)
  eden space 237568K, 100% used [0x00000000e0000000,0x00000000ee800000,0x00000000ee800000)
  from space 35840K, 38% used [0x00000000ee800000,0x00000000ef5852c0,0x00000000f0b00000)
  to   space 34304K, 28% used [0x00000000f2000000,0x00000000f2988030,0x00000000f4180000)
 ParOldGen       total 145408K, used 83702K [0x00000000a0000000, 0x00000000a8e00000, 0x00000000e0000000)
  object space 145408K, 57% used [0x00000000a0000000,0x00000000a51bdb20,0x00000000a8e00000)
 Metaspace       used 101438K, capacity 106584K, committed 106920K, reserved 1142784K
  class space    used 13158K, capacity 14173K, committed 14248K, reserved 1048576K

Card table byte_map: [0x00000000126d0000,0x00000000129e0000] byte_map_base: 0x00000000121d0000

Marking Bits: (ParMarkBitMap*) 0x000000005e549f30
 Begin Bits: [0x00000000133e0000, 0x0000000014be0000)
 End Bits:   [0x0000000014be0000, 0x00000000163e0000)

Polling page: 0x0000000000ff0000

CodeCache: size=245760Kb used=55028Kb max_used=55028Kb free=190731Kb
 bounds [0x0000000003310000, 0x0000000006980000, 0x0000000012310000]
 total_blobs=16639 nmethods=15620 adapters=931
 compilation: enabled

Compilation events (10 events):
Event: 104.808 Thread 0x0000000018f3f800 nmethod 19248 0x0000000005ca09d0 code [0x0000000005ca0b20, 0x0000000005ca0c70]
Event: 104.808 Thread 0x0000000018f3f800 19238       1       com.android.tools.r8.ir.code.ArrayPut::F1 (4 bytes)
Event: 104.808 Thread 0x0000000018f3f800 nmethod 19238 0x0000000005ca0710 code [0x0000000005ca0860, 0x0000000005ca0970]
Event: 104.808 Thread 0x0000000018f3f800 19250       2       com.android.tools.r8.m.a.a.b.P::h (26 bytes)
Event: 104.808 Thread 0x0000000018f3f800 nmethod 19250 0x0000000005ca0310 code [0x0000000005ca0460, 0x0000000005ca0650]
Event: 104.808 Thread 0x0000000018f3f800 19234       2       com.android.tools.r8.n.a.a.a.h.W$a::next (22 bytes)
Event: 104.809 Thread 0x0000000018f3f800 nmethod 19234 0x0000000005f62c90 code [0x0000000005f62e00, 0x0000000005f63028]
Event: 104.809 Thread 0x0000000018f3f800 19252       2       com.android.tools.r8.ir.analysis.type.ArrayTypeLatticeElement::getOrCreateVariant (33 bytes)
Event: 104.809 Thread 0x0000000018f3f800 nmethod 19252 0x0000000005f626d0 code [0x0000000005f62840, 0x0000000005f62ad8]
Event: 104.809 Thread 0x0000000018f3f800 19253 %     3       com.android.tools.r8.t.a.a.f::a @ 66 (5949 bytes)

GC Heap History (10 events):
Event: 79.614 GC heap after
Heap after GC invocations=21 (full 3):
 PSYoungGen      total 251392K, used 27515K [0x00000000e0000000, 0x00000000f1d80000, 0x0000000100000000)
  eden space 222720K, 0% used [0x00000000e0000000,0x00000000e0000000,0x00000000ed980000)
  from space 28672K, 95% used [0x00000000ef900000,0x00000000f13ded38,0x00000000f1500000)
  to   space 32256K, 0% used [0x00000000ed980000,0x00000000ed980000,0x00000000ef900000)
 ParOldGen       total 145408K, used 68484K [0x00000000a0000000, 0x00000000a8e00000, 0x00000000e0000000)
  object space 145408K, 47% used [0x00000000a0000000,0x00000000a42e12a0,0x00000000a8e00000)
 Metaspace       used 81440K, capacity 85414K, committed 85672K, reserved 1124352K
  class space    used 10578K, capacity 11348K, committed 11432K, reserved 1048576K
}
Event: 95.987 GC heap before
{Heap before GC invocations=22 (full 3):
 PSYoungGen      total 251392K, used 250235K [0x00000000e0000000, 0x00000000f1d80000, 0x0000000100000000)
  eden space 222720K, 100% used [0x00000000e0000000,0x00000000ed980000,0x00000000ed980000)
  from space 28672K, 95% used [0x00000000ef900000,0x00000000f13ded38,0x00000000f1500000)
  to   space 32256K, 0% used [0x00000000ed980000,0x00000000ed980000,0x00000000ef900000)
 ParOldGen       total 145408K, used 68484K [0x00000000a0000000, 0x00000000a8e00000, 0x00000000e0000000)
  object space 145408K, 47% used [0x00000000a0000000,0x00000000a42e12a0,0x00000000a8e00000)
 Metaspace       used 86830K, capacity 90958K, committed 91176K, reserved 1128448K
  class space    used 11231K, capacity 12017K, committed 12072K, reserved 1048576K
Event: 96.065 GC heap after
Heap after GC invocations=22 (full 3):
 PSYoungGen      total 254976K, used 18776K [0x00000000e0000000, 0x00000000f2a80000, 0x0000000100000000)
  eden space 222720K, 0% used [0x00000000e0000000,0x00000000e0000000,0x00000000ed980000)
  from space 32256K, 58% used [0x00000000ed980000,0x00000000eebd6090,0x00000000ef900000)
  to   space 32256K, 0% used [0x00000000f0b00000,0x00000000f0b00000,0x00000000f2a80000)
 ParOldGen       total 145408K, used 68492K [0x00000000a0000000, 0x00000000a8e00000, 0x00000000e0000000)
  object space 145408K, 47% used [0x00000000a0000000,0x00000000a42e32a0,0x00000000a8e00000)
 Metaspace       used 86830K, capacity 90958K, committed 91176K, reserved 1128448K
  class space    used 11231K, capacity 12017K, committed 12072K, reserved 1048576K
}
Event: 101.339 GC heap before
{Heap before GC invocations=23 (full 3):
 PSYoungGen      total 254976K, used 206858K [0x00000000e0000000, 0x00000000f2a80000, 0x0000000100000000)
  eden space 222720K, 84% used [0x00000000e0000000,0x00000000eb7acaf8,0x00000000ed980000)
  from space 32256K, 58% used [0x00000000ed980000,0x00000000eebd6090,0x00000000ef900000)
  to   space 32256K, 0% used [0x00000000f0b00000,0x00000000f0b00000,0x00000000f2a80000)
 ParOldGen       total 145408K, used 68492K [0x00000000a0000000, 0x00000000a8e00000, 0x00000000e0000000)
  object space 145408K, 47% used [0x00000000a0000000,0x00000000a42e32a0,0x00000000a8e00000)
 Metaspace       used 94019K, capacity 98488K, committed 98600K, reserved 1134592K
  class space    used 12099K, capacity 13001K, committed 13096K, reserved 1048576K
Event: 101.380 GC heap after
Heap after GC invocations=23 (full 3):
 PSYoungGen      total 269824K, used 28319K [0x00000000e0000000, 0x00000000f3080000, 0x0000000100000000)
  eden space 237568K, 0% used [0x00000000e0000000,0x00000000e0000000,0x00000000ee800000)
  from space 32256K, 87% used [0x00000000f0b00000,0x00000000f26a7c58,0x00000000f2a80000)
  to   space 35840K, 0% used [0x00000000ee800000,0x00000000ee800000,0x00000000f0b00000)
 ParOldGen       total 145408K, used 68508K [0x00000000a0000000, 0x00000000a8e00000, 0x00000000e0000000)
  object space 145408K, 47% used [0x00000000a0000000,0x00000000a42e72a0,0x00000000a8e00000)
 Metaspace       used 94019K, capacity 98488K, committed 98600K, reserved 1134592K
  class space    used 12099K, capacity 13001K, committed 13096K, reserved 1048576K
}
Event: 101.380 GC heap before
{Heap before GC invocations=24 (full 4):
 PSYoungGen      total 269824K, used 28319K [0x00000000e0000000, 0x00000000f3080000, 0x0000000100000000)
  eden space 237568K, 0% used [0x00000000e0000000,0x00000000e0000000,0x00000000ee800000)
  from space 32256K, 87% used [0x00000000f0b00000,0x00000000f26a7c58,0x00000000f2a80000)
  to   space 35840K, 0% used [0x00000000ee800000,0x00000000ee800000,0x00000000f0b00000)
 ParOldGen       total 145408K, used 68508K [0x00000000a0000000, 0x00000000a8e00000, 0x00000000e0000000)
  object space 145408K, 47% used [0x00000000a0000000,0x00000000a42e72a0,0x00000000a8e00000)
 Metaspace       used 94019K, capacity 98488K, committed 98600K, reserved 1134592K
  class space    used 12099K, capacity 13001K, committed 13096K, reserved 1048576K
Event: 102.421 GC heap after
Heap after GC invocations=24 (full 4):
 PSYoungGen      total 269824K, used 0K [0x00000000e0000000, 0x00000000f3080000, 0x0000000100000000)
  eden space 237568K, 0% used [0x00000000e0000000,0x00000000e0000000,0x00000000ee800000)
  from space 32256K, 0% used [0x00000000f0b00000,0x00000000f0b00000,0x00000000f2a80000)
  to   space 35840K, 0% used [0x00000000ee800000,0x00000000ee800000,0x00000000f0b00000)
 ParOldGen       total 145408K, used 83686K [0x00000000a0000000, 0x00000000a8e00000, 0x00000000e0000000)
  object space 145408K, 57% used [0x00000000a0000000,0x00000000a51b9b20,0x00000000a8e00000)
 Metaspace       used 93800K, capacity 97836K, committed 98600K, reserved 1134592K
  class space    used 12032K, capacity 12889K, committed 13096K, reserved 1048576K
}
Event: 104.111 GC heap before
{Heap before GC invocations=25 (full 4):
 PSYoungGen      total 269824K, used 237568K [0x00000000e0000000, 0x00000000f3080000, 0x0000000100000000)
  eden space 237568K, 100% used [0x00000000e0000000,0x00000000ee800000,0x00000000ee800000)
  from space 32256K, 0% used [0x00000000f0b00000,0x00000000f0b00000,0x00000000f2a80000)
  to   space 35840K, 0% used [0x00000000ee800000,0x00000000ee800000,0x00000000f0b00000)
 ParOldGen       total 145408K, used 83686K [0x00000000a0000000, 0x00000000a8e00000, 0x00000000e0000000)
  object space 145408K, 57% used [0x00000000a0000000,0x00000000a51b9b20,0x00000000a8e00000)
 Metaspace       used 101203K, capacity 106342K, committed 106664K, reserved 1142784K
  class space    used 13146K, capacity 14166K, committed 14248K, reserved 1048576K
Event: 104.147 GC heap after
Heap after GC invocations=25 (full 4):
 PSYoungGen      total 273408K, used 13844K [0x00000000e0000000, 0x00000000f4180000, 0x0000000100000000)
  eden space 237568K, 0% used [0x00000000e0000000,0x00000000e0000000,0x00000000ee800000)
  from space 35840K, 38% used [0x00000000ee800000,0x00000000ef5852c0,0x00000000f0b00000)
  to   space 34304K, 0% used [0x00000000f2000000,0x00000000f2000000,0x00000000f4180000)
 ParOldGen       total 145408K, used 83694K [0x00000000a0000000, 0x00000000a8e00000, 0x00000000e0000000)
  object space 145408K, 57% used [0x00000000a0000000,0x00000000a51bbb20,0x00000000a8e00000)
 Metaspace       used 101203K, capacity 106342K, committed 106664K, reserved 1142784K
  class space    used 13146K, capacity 14166K, committed 14248K, reserved 1048576K
}
Event: 104.834 GC heap before
{Heap before GC invocations=26 (full 4):
 PSYoungGen      total 273408K, used 251412K [0x00000000e0000000, 0x00000000f4180000, 0x0000000100000000)
  eden space 237568K, 100% used [0x00000000e0000000,0x00000000ee800000,0x00000000ee800000)
  from space 35840K, 38% used [0x00000000ee800000,0x00000000ef5852c0,0x00000000f0b00000)
  to   space 34304K, 0% used [0x00000000f2000000,0x00000000f2000000,0x00000000f4180000)
 ParOldGen       total 145408K, used 83694K [0x00000000a0000000, 0x00000000a8e00000, 0x00000000e0000000)
  object space 145408K, 57% used [0x00000000a0000000,0x00000000a51bbb20,0x00000000a8e00000)
 Metaspace       used 101438K, capacity 106584K, committed 106920K, reserved 1142784K
  class space    used 13158K, capacity 14173K, committed 14248K, reserved 1048576K

Deoptimization events (10 events):
Event: 104.028 Thread 0x000000002284f800 Uncommon trap: reason=unstable_if action=reinterpret pc=0x00000000048bdbec method=com.android.tools.r8.ir.code.ValueType.c()Z @ 11
Event: 104.036 Thread 0x000000001ae15000 Uncommon trap: reason=bimorphic action=maybe_recompile pc=0x000000000665f814 method=com.android.tools.r8.ir.analysis.type.TypeLatticeElement.l()Z @ 36
Event: 104.412 Thread 0x000000002284f800 Uncommon trap: reason=unstable_if action=reinterpret pc=0x0000000005b30cb0 method=com.android.tools.r8.t.a.a.B.equals(Ljava/lang/Object;)Z @ 113
Event: 104.561 Thread 0x000000002284c800 Uncommon trap: reason=bimorphic action=maybe_recompile pc=0x000000000663ec78 method=com.android.tools.r8.ir.regalloc.LinearScanRegisterAllocator.a(Lcom/android/tools/r8/ir/code/Value;Ljava/util/Collection;)Z @ 1
Event: 104.571 Thread 0x000000002284c800 Uncommon trap: reason=unstable_if action=reinterpret pc=0x000000000656e268 method=com.android.tools.r8.ir.conversion.N.buildInstruction(Lcom/android/tools/r8/ir/conversion/IRBuilder;IZ)V @ 3
Event: 104.572 Thread 0x000000002284c800 Uncommon trap: reason=unstable_if action=reinterpret pc=0x00000000066a9d0c method=com.android.tools.r8.ir.code.Position.equals(Ljava/lang/Object;)Z @ 27
Event: 104.616 Thread 0x000000002284c800 Uncommon trap: reason=bimorphic action=maybe_recompile pc=0x00000000068ba4d8 method=com.android.tools.r8.ir.code.k0.a(Lcom/android/tools/r8/ir/analysis/type/TypeLatticeElement;)Lcom/android/tools/r8/ir/code/k0; @ 19
Event: 104.619 Thread 0x000000002284c800 Uncommon trap: reason=bimorphic action=maybe_recompile pc=0x00000000068ba4d8 method=com.android.tools.r8.ir.code.k0.a(Lcom/android/tools/r8/ir/analysis/type/TypeLatticeElement;)Lcom/android/tools/r8/ir/code/k0; @ 19
Event: 104.622 Thread 0x000000002284c800 Uncommon trap: reason=bimorphic action=maybe_recompile pc=0x00000000068ba4d8 method=com.android.tools.r8.ir.code.k0.a(Lcom/android/tools/r8/ir/analysis/type/TypeLatticeElement;)Lcom/android/tools/r8/ir/code/k0; @ 19
Event: 104.622 Thread 0x000000002284c800 Uncommon trap: reason=bimorphic action=maybe_recompile pc=0x00000000068ba4d8 method=com.android.tools.r8.ir.code.k0.a(Lcom/android/tools/r8/ir/analysis/type/TypeLatticeElement;)Lcom/android/tools/r8/ir/code/k0; @ 19

Classes redefined (0 events):
No events

Internal exceptions (10 events):
Event: 104.490 Thread 0x000000002284a800 Exception <a 'sun/nio/fs/WindowsException'> (0x00000000e7ae9690) thrown at [D:\src\AOSP-openjdk-cygwin\jdk8u\hotspot\src\share\vm\prims\jni.cpp, line 710]
Event: 104.492 Thread 0x0000000022849000 Exception <a 'sun/nio/fs/WindowsException'> (0x00000000e78847b0) thrown at [D:\src\AOSP-openjdk-cygwin\jdk8u\hotspot\src\share\vm\prims\jni.cpp, line 710]
Event: 104.563 Thread 0x000000001ae15000 Exception <a 'sun/nio/fs/WindowsException'> (0x00000000e8aace68) thrown at [D:\src\AOSP-openjdk-cygwin\jdk8u\hotspot\src\share\vm\prims\jni.cpp, line 710]
Event: 104.632 Thread 0x000000002284f000 Exception <a 'sun/nio/fs/WindowsException'> (0x00000000ea4ff1a8) thrown at [D:\src\AOSP-openjdk-cygwin\jdk8u\hotspot\src\share\vm\prims\jni.cpp, line 710]
Event: 104.776 Thread 0x000000002284f000 Exception <a 'sun/nio/fs/WindowsException'> (0x00000000ed647118) thrown at [D:\src\AOSP-openjdk-cygwin\jdk8u\hotspot\src\share\vm\prims\jni.cpp, line 710]
Event: 104.779 Thread 0x000000002284c000 Exception <a 'sun/nio/fs/WindowsException'> (0x00000000ed7aa5e8) thrown at [D:\src\AOSP-openjdk-cygwin\jdk8u\hotspot\src\share\vm\prims\jni.cpp, line 710]
Event: 104.780 Thread 0x000000002284a800 Exception <a 'sun/nio/fs/WindowsException'> (0x00000000eb4ae660) thrown at [D:\src\AOSP-openjdk-cygwin\jdk8u\hotspot\src\share\vm\prims\jni.cpp, line 710]
Event: 104.803 Thread 0x0000000022849000 Exception <a 'sun/nio/fs/WindowsException'> (0x00000000ede1b2c8) thrown at [D:\src\AOSP-openjdk-cygwin\jdk8u\hotspot\src\share\vm\prims\jni.cpp, line 710]
Event: 104.808 Thread 0x000000002284c000 Exception <a 'sun/nio/fs/WindowsException'> (0x00000000edeaf708) thrown at [D:\src\AOSP-openjdk-cygwin\jdk8u\hotspot\src\share\vm\prims\jni.cpp, line 710]
Event: 104.830 Thread 0x000000001ae15000 Exception <a 'sun/nio/fs/WindowsException'> (0x00000000e8b3e360) thrown at [D:\src\AOSP-openjdk-cygwin\jdk8u\hotspot\src\share\vm\prims\jni.cpp, line 710]

Events (10 events):
Event: 104.633 Thread 0x000000002284f800 DEOPT UNPACKING pc=0x00000000033575d0 sp=0x0000000028c3b1a0 mode 0
Event: 104.639 Executing VM operation: ForceSafepoint
Event: 104.643 Executing VM operation: ForceSafepoint done
Event: 104.655 loading class com/android/tools/r8/n/a/a/a/g/U0
Event: 104.655 loading class com/android/tools/r8/n/a/a/a/g/U0 done
Event: 104.734 Thread 0x000000002284f000 DEOPT PACKING pc=0x0000000006070b6c sp=0x0000000028a3ae30
Event: 104.734 Thread 0x000000002284f000 DEOPT UNPACKING pc=0x00000000033575d0 sp=0x0000000028a3ac38 mode 0
Event: 104.816 Thread 0x000000002284c800 DEOPT PACKING pc=0x00000000067f02c8 sp=0x000000002903b490
Event: 104.816 Thread 0x000000002284c800 DEOPT UNPACKING pc=0x00000000033575d0 sp=0x000000002903b4d0 mode 0
Event: 104.833 Executing VM operation: ParallelGCFailedAllocation


Dynamic libraries:
0x00007ff62a8e0000 - 0x00007ff62a911000 	D:\Programy\Android Studio\jre\bin\java.exe
0x00007ffbd2300000 - 0x00007ffbd24f0000 	C:\WINDOWS\SYSTEM32\ntdll.dll
0x00007ffbd1890000 - 0x00007ffbd1942000 	C:\WINDOWS\System32\KERNEL32.DLL
0x00007ffbcf290000 - 0x00007ffbcf533000 	C:\WINDOWS\System32\KERNELBASE.dll
0x00007ffbd1ea0000 - 0x00007ffbd1f43000 	C:\WINDOWS\System32\ADVAPI32.dll
0x00007ffbd1e00000 - 0x00007ffbd1e9e000 	C:\WINDOWS\System32\msvcrt.dll
0x00007ffbd19e0000 - 0x00007ffbd1a77000 	C:\WINDOWS\System32\sechost.dll
0x00007ffbd04c0000 - 0x00007ffbd05e0000 	C:\WINDOWS\System32\RPCRT4.dll
0x00007ffbd2120000 - 0x00007ffbd22b4000 	C:\WINDOWS\System32\USER32.dll
0x00007ffbcf770000 - 0x00007ffbcf791000 	C:\WINDOWS\System32\win32u.dll
0x00007ffbd1860000 - 0x00007ffbd1886000 	C:\WINDOWS\System32\GDI32.dll
0x00007ffbcffa0000 - 0x00007ffbd0134000 	C:\WINDOWS\System32\gdi32full.dll
0x00007ffbd02e0000 - 0x00007ffbd037e000 	C:\WINDOWS\System32\msvcp_win.dll
0x00007ffbcf670000 - 0x00007ffbcf76a000 	C:\WINDOWS\System32\ucrtbase.dll
0x00007ffbc2eb0000 - 0x00007ffbc3135000 	C:\WINDOWS\WinSxS\amd64_microsoft.windows.common-controls_6595b64144ccf1df_6.0.18362.592_none_e6c0b1911312be02\COMCTL32.dll
0x00007ffbd1430000 - 0x00007ffbd1766000 	C:\WINDOWS\System32\combase.dll
0x00007ffbcf7a0000 - 0x00007ffbcf820000 	C:\WINDOWS\System32\bcryptPrimitives.dll
0x00007ffbd19b0000 - 0x00007ffbd19de000 	C:\WINDOWS\System32\IMM32.DLL
0x000000005dca0000 - 0x000000005dd72000 	D:\Programy\Android Studio\jre\jre\bin\msvcr100.dll
0x000000005dd80000 - 0x000000005e5c6000 	D:\Programy\Android Studio\jre\jre\bin\server\jvm.dll
0x00007ffbd1f50000 - 0x00007ffbd1f58000 	C:\WINDOWS\System32\PSAPI.DLL
0x00007ffbcb060000 - 0x00007ffbcb069000 	C:\WINDOWS\SYSTEM32\WSOCK32.dll
0x00007ffbc35a0000 - 0x00007ffbc35aa000 	C:\WINDOWS\SYSTEM32\VERSION.dll
0x00007ffbd1bd0000 - 0x00007ffbd1c3f000 	C:\WINDOWS\System32\WS2_32.dll
0x00007ffbc5be0000 - 0x00007ffbc5c04000 	C:\WINDOWS\SYSTEM32\WINMM.dll
0x00007ffbc59a0000 - 0x00007ffbc59cd000 	C:\WINDOWS\SYSTEM32\WINMMBASE.dll
0x00007ffbd0140000 - 0x00007ffbd018a000 	C:\WINDOWS\System32\cfgmgr32.dll
0x00007ffbcb050000 - 0x00007ffbcb05f000 	D:\Programy\Android Studio\jre\jre\bin\verify.dll
0x00007ffbcaef0000 - 0x00007ffbcaf19000 	D:\Programy\Android Studio\jre\jre\bin\java.dll
0x00007ffbcaed0000 - 0x00007ffbcaee6000 	D:\Programy\Android Studio\jre\jre\bin\zip.dll
0x00007ffbd0b90000 - 0x00007ffbd1275000 	C:\WINDOWS\System32\SHELL32.dll
0x00007ffbd0410000 - 0x00007ffbd04b9000 	C:\WINDOWS\System32\shcore.dll
0x00007ffbcf820000 - 0x00007ffbcff9f000 	C:\WINDOWS\System32\windows.storage.dll
0x00007ffbcf270000 - 0x00007ffbcf28f000 	C:\WINDOWS\System32\profapi.dll
0x00007ffbcf1e0000 - 0x00007ffbcf22a000 	C:\WINDOWS\System32\powrprof.dll
0x00007ffbcf1d0000 - 0x00007ffbcf1e0000 	C:\WINDOWS\System32\UMPDC.dll
0x00007ffbd1950000 - 0x00007ffbd19a2000 	C:\WINDOWS\System32\shlwapi.dll
0x00007ffbcf250000 - 0x00007ffbcf261000 	C:\WINDOWS\System32\kernel.appcore.dll
0x00007ffbcf540000 - 0x00007ffbcf557000 	C:\WINDOWS\System32\cryptsp.dll
0x00007ffbcae80000 - 0x00007ffbcae9a000 	D:\Programy\Android Studio\jre\jre\bin\net.dll
0x00007ffbcea40000 - 0x00007ffbceaa7000 	C:\WINDOWS\system32\mswsock.dll
0x00007ffbcaaa0000 - 0x00007ffbcaab1000 	D:\Programy\Android Studio\jre\jre\bin\nio.dll
0x00007ffbc96b0000 - 0x00007ffbc96d6000 	C:\Users\Paatryk\.gradle\native\29\windows-amd64\native-platform.dll
0x00007ffbcb040000 - 0x00007ffbcb04d000 	D:\Programy\Android Studio\jre\jre\bin\management.dll
0x00007ffbce5b0000 - 0x00007ffbce5e3000 	C:\WINDOWS\system32\rsaenh.dll
0x00007ffbd0380000 - 0x00007ffbd03a6000 	C:\WINDOWS\System32\bcrypt.dll
0x00007ffbcf0f0000 - 0x00007ffbcf115000 	C:\WINDOWS\SYSTEM32\USERENV.dll
0x00007ffbcec10000 - 0x00007ffbcec1c000 	C:\WINDOWS\SYSTEM32\CRYPTBASE.dll
0x00007ffbce750000 - 0x00007ffbce78a000 	C:\WINDOWS\SYSTEM32\IPHLPAPI.DLL
0x00007ffbd0660000 - 0x00007ffbd0668000 	C:\WINDOWS\System32\NSI.dll
0x00007ffbc83e0000 - 0x00007ffbc83f6000 	C:\WINDOWS\SYSTEM32\dhcpcsvc6.DLL
0x00007ffbc87c0000 - 0x00007ffbc87dc000 	C:\WINDOWS\SYSTEM32\dhcpcsvc.DLL
0x00007ffbce790000 - 0x00007ffbce85a000 	C:\WINDOWS\SYSTEM32\DNSAPI.dll
0x00007ffba12e0000 - 0x00007ffba147c000 	D:\Programy\Android Studio\jre\jre\bin\awt.dll
0x00007ffbd1770000 - 0x00007ffbd1834000 	C:\WINDOWS\System32\OLEAUT32.dll
0x00007ffbcd950000 - 0x00007ffbcd97d000 	C:\WINDOWS\SYSTEM32\dwmapi.dll
0x00007ffbcbfb0000 - 0x00007ffbcc570000 	C:\WINDOWS\SYSTEM32\d2d1.dll
0x00007ffbcd430000 - 0x00007ffbcd4bf000 	C:\WINDOWS\SYSTEM32\apphelp.dll
0x00007ffbcd530000 - 0x00007ffbcd5c9000 	C:\WINDOWS\system32\uxtheme.dll

VM Arguments:
jvm_args: -Xmx1536m -Dfile.encoding=windows-1252 -Duser.country=US -Duser.language=en -Duser.variant 
java_command: org.gradle.launcher.daemon.bootstrap.GradleDaemon 5.4.1
java_class_path (initial): C:\Users\Paatryk\.gradle\wrapper\dists\gradle-5.4.1-all\3221gyojl5jsh0helicew7rwx\gradle-5.4.1\lib\gradle-launcher-5.4.1.jar
Launcher Type: SUN_STANDARD

Environment Variables:
PATH=C:\WINDOWS\system32;C:\WINDOWS;C:\WINDOWS\System32\Wbem;C:\WINDOWS\System32\WindowsPowerShell\v1.0\;C:\WINDOWS\System32\OpenSSH\;D:\Programy\Brackets\command;D:\nodejs\;D:\Programy\Git\cmd;D:\Putty\;C:\Program Files\Microsoft SQL Server\Client SDK\ODBC\130\Tools\Binn\;C:\Program Files (x86)\Microsoft SQL Server\140\Tools\Binn\;C:\Program Files\Microsoft SQL Server\140\Tools\Binn\;C:\Program Files\Microsoft SQL Server\140\DTS\Binn\;C:\Program Files (x86)\Microsoft SQL Server\150\DTS\Binn\;C:\Program Files\dotnet\;C:\Program Files\Microsoft SQL Server\130\Tools\Binn\;C:\Program Files\Microsoft SQL Server\Client SDK\ODBC\170\Tools\Binn\;C:\Users\Paatryk\AppData\Local\Microsoft\WindowsApps;C:\Users\Paatryk\AppData\Roaming\npm;D:\Programy\Microsoft VS Code\bin;D:\IntelliJ\IntelliJ IDEA Community Edition 2019.2.3\bin;;C:\Users\Paatryk\AppData\Local\hyper\app-3.0.2\resources\bin;D:\heroku\bin
USERNAME=Paatryk
OS=Windows_NT
PROCESSOR_IDENTIFIER=Intel64 Family 6 Model 158 Stepping 9, GenuineIntel



---------------  S Y S T E M  ---------------

OS: Windows 10.0 , 64 bit Build 18362 (10.0.18362.329)

CPU:total 8 (initial active 8) (4 cores per cpu, 2 threads per core) family 6 model 158 stepping 9, cmov, cx8, fxsr, mmx, sse, sse2, sse3, ssse3, sse4.1, sse4.2, popcnt, avx, avx2, aes, clmul, erms, 3dnowpref, lzcnt, ht, tsc, tscinvbit, bmi1, bmi2, adx

Memory: 4k page, physical 8278180k(519848k free), swap 23754016k(2360k free)

vm_info: OpenJDK 64-Bit Server VM (25.202-b03) for windows-amd64 JRE (1.8.0_202-release-1483-b03), built by "builder" with MS VC++ 10.0 (VS2010)

time: Sun Jan 26 13:40:56 2020
timezone: Central European Standard Time
elapsed time: 104 seconds (0d 0h 1m 44s)

